<?xml version="1.0" encoding="UTF-8"?>
<!-- Generated by org.testng.reporters.JUnitReportReporter -->
<testsuite hostname="LAPTOP-FTS6I9JA" failures="0" tests="1" name="com.tcs.testcases.AddCustomerTest" time="20.276" errors="0" timestamp="2024-01-29T23:53:00 IST" skipped="0">
  <testcase classname="com.tcs.testcases.AddCustomerTest" name="addCust" time="20.276"/>
</testsuite> <!-- com.tcs.testcases.AddCustomerTest -->
